d:\hacks\d3d9-hook-imgui-main\source\d3d9 hook imgui\release\vc143.pdb
d:\hacks\d3d9-hook-imgui-main\source\d3d9 hook imgui\release\imgui_widgets.obj
d:\hacks\d3d9-hook-imgui-main\source\d3d9 hook imgui\release\imgui_tables.obj
d:\hacks\d3d9-hook-imgui-main\source\d3d9 hook imgui\release\imgui_impl_win32.obj
d:\hacks\d3d9-hook-imgui-main\source\d3d9 hook imgui\release\imgui_impl_dx9.obj
d:\hacks\d3d9-hook-imgui-main\source\d3d9 hook imgui\release\imgui_draw.obj
d:\hacks\d3d9-hook-imgui-main\source\d3d9 hook imgui\release\imgui_demo.obj
d:\hacks\d3d9-hook-imgui-main\source\d3d9 hook imgui\release\imgui.obj
d:\hacks\d3d9-hook-imgui-main\source\d3d9 hook imgui\release\hook.obj
d:\hacks\d3d9-hook-imgui-main\source\d3d9 hook imgui\release\drawing.obj
d:\hacks\d3d9-hook-imgui-main\source\d3d9 hook imgui\release\dllmain.obj
d:\hacks\d3d9-hook-imgui-main\source\release\d3d9 hook imgui.dll
d:\hacks\d3d9-hook-imgui-main\source\d3d9 hook imgui\release\d3d9 hook imgui.ipdb
d:\hacks\d3d9-hook-imgui-main\source\d3d9 hook imgui\release\d3d9 hook imgui.iobj
d:\hacks\d3d9-hook-imgui-main\source\release\d3d9 hook imgui.pdb
d:\hacks\d3d9-hook-imgui-main\source\d3d9 hook imgui\release\d3d9 hook imgui.tlog\cl.command.1.tlog
d:\hacks\d3d9-hook-imgui-main\source\d3d9 hook imgui\release\d3d9 hook imgui.tlog\cl.items.tlog
d:\hacks\d3d9-hook-imgui-main\source\d3d9 hook imgui\release\d3d9 hook imgui.tlog\cl.read.1.tlog
d:\hacks\d3d9-hook-imgui-main\source\d3d9 hook imgui\release\d3d9 hook imgui.tlog\cl.write.1.tlog
d:\hacks\d3d9-hook-imgui-main\source\d3d9 hook imgui\release\d3d9 hook imgui.tlog\link.command.1.tlog
d:\hacks\d3d9-hook-imgui-main\source\d3d9 hook imgui\release\d3d9 hook imgui.tlog\link.read.1.tlog
d:\hacks\d3d9-hook-imgui-main\source\d3d9 hook imgui\release\d3d9 hook imgui.tlog\link.write.1.tlog
